FastTree Version 2.1.3 SSE3
Alignment: standard input
Nucleotide distances: Jukes-Cantor Joins: balanced Support: none
Search: Normal +NNI +SPR (2 rounds range 10) +ML-NNI opt-each=1
TopHits: 1.00*sqrtN close=default refresh=0.80
ML Model: Generalized Time-Reversible, CAT approximation with 20 rate categories
Initial topology in 0.01 seconds
Refining topology: 8 rounds ME-NNIs, 2 rounds ME-SPRs, 4 rounds ML-NNIs
Total branch-length 0.598 after 0.08 sec
      0.14 seconds: ML NNI round 1 of 4, 1 of 2 splits
ML-NNI round 1: LogLk = -101424.475 NNIs 0 max delta 0.00 Time 0.26
      0.25 seconds: Optimizing GTR model, step 1 of 12
      0.35 seconds: Optimizing GTR model, step 2 of 12
      0.51 seconds: Optimizing GTR model, step 4 of 12
      0.63 seconds: Optimizing GTR model, step 5 of 12
      0.80 seconds: Optimizing GTR model, step 7 of 12
      0.95 seconds: Optimizing GTR model, step 9 of 12
      1.07 seconds: Optimizing GTR model, step 11 of 12
GTR Frequencies: 0.1953 0.3008 0.3077 0.1962
GTR rates(ac ag at cg ct gt) 1.1029 5.5313 1.5526 0.4626 5.7378 1.0000
      1.22 seconds: ML Lengths 1 of 2 splits
      1.32 seconds: Site likelihoods with rate category 3 of 20
      1.43 seconds: Site likelihoods with rate category 16 of 20
Switched to using 20 rate categories (CAT approximation)
Rate categories were divided by 0.710 so that average rate = 1.0
CAT-based log-likelihoods may not be comparable across runs
Use -gamma for approximate but comparable Gamma(20) log-likelihoods
ML-NNI round 2: LogLk = -91640.074 NNIs 0 max delta 0.00 Time 1.52
Turning off heuristics for final round of ML NNIs (converged)
ML-NNI round 3: LogLk = -91637.362 NNIs 0 max delta 0.00 Time 1.67 (final)
      1.66 seconds: ML Lengths 1 of 2 splits
Optimize all lengths: LogLk = -91637.210 Time 1.75
Total time: 1.87 seconds Unique: 4/4 Bad splits: 0/1
